<?xml version="1.0" encoding="UTF-8"?>
<!-- Generated by org.testng.reporters.JUnitReportReporter -->
<testsuite hostname="LAPTOP-GGQ96VIC" name="com.testscripts.VerifyKapivaFieldsHeaders" tests="1" failures="0" timestamp="11 Apr 2022 09:54:14 GMT" time="15.078" errors="0">
  <testcase name="kapivaHomePage" time="15.078" classname="com.testscripts.VerifyKapivaFieldsHeaders"/>
</testsuite> <!-- com.testscripts.VerifyKapivaFieldsHeaders -->
