<?xml version="1.0" encoding="UTF-8"?>
<!-- Generated by org.testng.reporters.JUnitReportReporter -->
<testsuite hostname="DESKTOP-ECGTN2E" name="com.testscripts.LoginToAcademySportsSite" tests="1" failures="0" timestamp="6 Apr 2022 10:42:05 GMT" time="25.001" errors="0">
  <testcase name="academyCCHomePage" time="25.001" classname="com.testscripts.LoginToAcademySportsSite"/>
</testsuite> <!-- com.testscripts.LoginToAcademySportsSite -->
