<?xml version="1.0" encoding="UTF-8"?>
<!-- Generated by org.testng.reporters.JUnitReportReporter -->
<testsuite hostname="LAPTOP-GGQ96VIC" name="com.testscripts.LoginToKapivaSite" tests="1" failures="0" timestamp="9 Apr 2022 12:47:25 GMT" time="18.614" errors="0">
  <testcase name="kapivaHomePage" time="18.614" classname="com.testscripts.LoginToKapivaSite"/>
</testsuite> <!-- com.testscripts.LoginToKapivaSite -->
